14:36:40.532 | V |                      | ArgumentsFromParametersFile.OnBuildCreated (150)
14:36:40.642 | V |                      | Passing value for Build.Solution (../../../Pulumi.Kubernetes.Crds.sln)
14:36:40.681 | V |                      | HandleReSharperSurrogateArguments.OnBuildCreated (150)
14:36:40.682 | V |                      | InjectParameterValues.OnBuildCreated (100)
14:36:40.698 | V |                      | HandleShellCompletion.OnBuildCreated (75)
14:36:41.184 | V |                      | GenerateBuildServerConfigurations.OnBuildCreated (50)
14:36:41.185 | V |                      | InvokeBuildServerConfigurationGeneration.OnBuildCreated (45)
14:36:41.401 | V |                      | UpdateNotification.OnBuildCreated (10)
14:36:41.402 | V |                      | UnsetVisualStudioEnvironmentVariables.OnBuildCreated (0)
14:36:41.405 | V |                      | HandleVisualStudioDebugging.OnBuildCreated (0)
14:36:41.419 | V |                      | EventInvoker.OnBuildCreated (-3.4028235E+38)
14:36:41.482 | V |                      | HandlePlanRequests.OnBuildInitialized (10)
14:36:41.482 | V |                      | HandleHelpRequests.OnBuildInitialized (5)
14:36:41.483 | V |                      | Telemetry.OnBuildInitialized (0)
14:36:43.377 | V |                      | Sending BuildStarted telemetry event ...
14:36:43.380 | V |                      |   build_components         = 
14:36:43.381 | V |                      |   build_type               = Project
14:36:43.381 | V |                      |   compile_time             = <null>
14:36:43.381 | V |                      |   config_generators        = 
14:36:43.381 | V |                      |   host                     = Rider
14:36:43.381 | V |                      |   num_custom_components    = 0
14:36:43.381 | V |                      |   num_custom_extensions    = 0
14:36:43.381 | V |                      |   num_partitioned_targets  = 0
14:36:43.381 | V |                      |   num_secrets              = 0
14:36:43.381 | V |                      |   num_targets              = 9
14:36:43.381 | V |                      |   os_architecture          = X64
14:36:43.381 | V |                      |   os_platform              = OSX
14:36:43.381 | V |                      |   repo_branch              = main
14:36:43.381 | V |                      |   repo_commit              = 055213
14:36:43.381 | V |                      |   repo_provider            = GitLab
14:36:43.381 | V |                      |   repo_url                 = cf9472
14:36:43.381 | V |                      |   target_framework         = .NETCoreApp,Version=v7.0
14:36:43.381 | V |                      |   version_dotnet_sdk       = 8.0.100-rc.2.23502.2
14:36:43.381 | V |                      |   version_nuke_common      = 7.0.6
14:36:43.381 | V |                      |   version_nuke_global_tool = <null>
14:36:44.160 | V |                      | InjectNonParameterValues.OnBuildInitialized (-100)
14:36:44.512 | I |                      | > /usr/local/share/dotnet/dotnet /Users/amreact/.nuget/packages/gitversion.tool/6.0.0-beta.3/tools/net7.0/any/gitversion.dll /nocache
14:36:44.527 | V |                      | @ /Users/amreact/Documents/GitLab/Pulumi.Kubernetes.Crds/build/bin/Debug
14:36:45.660 | V |                      | EventInvoker.OnBuildInitialized (-3.4028235E+38)
14:36:45.680 | V | DownloadCrds         | EventInvoker.OnTargetRunning (-3.4028235E+38)
14:36:45.702 | I | DownloadCrds         | > /usr/local/bin/crd2pulumi --dotnetName CertManager --dotnetPath "/Users/amreact/Documents/GitLab/Pulumi.Kubernetes.Crds/Pulumi.Contrib.Kubernetes.CertManager" https://github.com/jetstack/cert-manager/releases/latest/download/cert-manager.crds.yaml
14:36:45.703 | V | DownloadCrds         | @ /Users/amreact/Documents/GitLab/Pulumi.Kubernetes.Crds/build/bin/Debug
14:36:47.347 | D | DownloadCrds         | Successfully generated dotnet code.
14:36:47.355 | V | DownloadCrds         | Telemetry.OnTargetSucceeded (0)
14:36:47.356 | V | DownloadCrds         | EventInvoker.OnTargetSucceeded (-3.4028235E+38)
14:36:47.369 | V |                      | UpdateNotification.OnBuildFinished (10)
14:36:47.370 | V |                      | SerializeBuildServerState.OnBuildFinished (0)
14:36:47.371 | V |                      | EventInvoker.OnBuildFinished (-3.4028235E+38)
