V |                      | ArgumentsFromParametersFile.OnBuildCreated (150)
V |                      | Passing value for Build.Solution (../../../Pulumi.Kubernetes.Crds.sln)
V |                      | HandleReSharperSurrogateArguments.OnBuildCreated (150)
V |                      | InjectParameterValues.OnBuildCreated (100)
V |                      | HandleShellCompletion.OnBuildCreated (75)
V |                      | GenerateBuildServerConfigurations.OnBuildCreated (50)
V |                      | InvokeBuildServerConfigurationGeneration.OnBuildCreated (45)
V |                      | UpdateNotification.OnBuildCreated (10)
V |                      | UnsetVisualStudioEnvironmentVariables.OnBuildCreated (0)
V |                      | HandleVisualStudioDebugging.OnBuildCreated (0)
V |                      | EventInvoker.OnBuildCreated (-3.4028235E+38)
V |                      | HandlePlanRequests.OnBuildInitialized (10)
V |                      | HandleHelpRequests.OnBuildInitialized (5)
V |                      | Telemetry.OnBuildInitialized (0)
V |                      | Sending BuildStarted telemetry event ...
V |                      |   build_components         = 
V |                      |   build_type               = Project
V |                      |   compile_time             = <null>
V |                      |   config_generators        = 
V |                      |   host                     = Rider
V |                      |   num_custom_components    = 0
V |                      |   num_custom_extensions    = 0
V |                      |   num_partitioned_targets  = 0
V |                      |   num_secrets              = 0
V |                      |   num_targets              = 9
V |                      |   os_architecture          = X64
V |                      |   os_platform              = OSX
V |                      |   repo_branch              = main
V |                      |   repo_commit              = 055213
V |                      |   repo_provider            = GitLab
V |                      |   repo_url                 = cf9472
V |                      |   target_framework         = .NETCoreApp,Version=v7.0
V |                      |   version_dotnet_sdk       = 8.0.100-rc.2.23502.2
V |                      |   version_nuke_common      = 7.0.6
V |                      |   version_nuke_global_tool = <null>
V |                      | InjectNonParameterValues.OnBuildInitialized (-100)
I |                      | > /usr/local/share/dotnet/dotnet /Users/amreact/.nuget/packages/gitversion.tool/6.0.0-beta.3/tools/net7.0/any/gitversion.dll /nocache
V |                      | @ /Users/amreact/Documents/GitLab/Pulumi.Kubernetes.Crds/build/bin/Debug
V |                      | EventInvoker.OnBuildInitialized (-3.4028235E+38)
V | DownloadCrds         | EventInvoker.OnTargetRunning (-3.4028235E+38)
I | DownloadCrds         | > /usr/local/bin/crd2pulumi --dotnetName CertManager --dotnetPath "/Users/amreact/Documents/GitLab/Pulumi.Kubernetes.Crds/Pulumi.Contrib.Kubernetes.CertManager" https://github.com/jetstack/cert-manager/releases/latest/download/cert-manager.crds.yaml
V | DownloadCrds         | @ /Users/amreact/Documents/GitLab/Pulumi.Kubernetes.Crds/build/bin/Debug
D | DownloadCrds         | Successfully generated dotnet code.
V | DownloadCrds         | Telemetry.OnTargetSucceeded (0)
V | DownloadCrds         | EventInvoker.OnTargetSucceeded (-3.4028235E+38)
V |                      | UpdateNotification.OnBuildFinished (10)
V |                      | SerializeBuildServerState.OnBuildFinished (0)
V |                      | EventInvoker.OnBuildFinished (-3.4028235E+38)
